2019-05-19 17:07:53.678 [main] INFO  cn.lastwhisper.server.core.Server - MyTomcat server 8888 startup
2019-05-19 17:08:01.359 [Thread-0] INFO  cn.lastwhisper.server.core.Dispatcher - reuqest url /login spend time 10ms
2019-05-19 17:08:16.934 [main] INFO  cn.lastwhisper.server.core.Server - MyTomcat server 8888 startup
2019-05-19 17:08:18.910 [Thread-0] INFO  cn.lastwhisper.server.core.Dispatcher - reuqest url / spend time 5ms
2019-05-19 17:08:18.912 [Thread-1] INFO  cn.lastwhisper.server.core.Dispatcher - reuqest url / spend time 4ms
2019-05-19 17:08:27.259 [main] INFO  cn.lastwhisper.server.core.Server - MyTomcat server 8888 startup
2019-05-19 17:08:29.468 [Thread-0] INFO  cn.lastwhisper.server.core.Dispatcher - reuqest url / spend time 7ms
2019-05-19 17:08:34.453 [Thread-1] INFO  cn.lastwhisper.server.core.Dispatcher - reuqest url /login.html spend time 0ms
2019-05-19 18:00:52.194 [main] INFO  cn.lastwhisper.server.core.Server - MyTomcat server 8888 startup
2019-05-19 18:00:52.246 [Thread-0] INFO  cn.lastwhisper.server.core.Dispatcher - reuqest url /register.html spend time 8ms
2019-05-19 18:00:55.553 [Thread-1] INFO  cn.lastwhisper.server.core.Dispatcher - reuqest url /reg spend time 1ms
2019-05-19 18:00:56.656 [Thread-2] INFO  cn.lastwhisper.server.core.Dispatcher - reuqest url /reg spend time 1ms
2019-05-19 18:00:56.885 [Thread-3] INFO  cn.lastwhisper.server.core.Dispatcher - reuqest url /reg spend time 3ms
2019-05-19 18:00:57.046 [Thread-4] INFO  cn.lastwhisper.server.core.Dispatcher - reuqest url /reg spend time 1ms
2019-05-19 18:00:57.206 [Thread-5] INFO  cn.lastwhisper.server.core.Dispatcher - reuqest url /reg spend time 0ms
2019-05-19 18:00:57.357 [Thread-6] INFO  cn.lastwhisper.server.core.Dispatcher - reuqest url /reg spend time 0ms
2019-05-19 18:00:57.537 [Thread-7] INFO  cn.lastwhisper.server.core.Dispatcher - reuqest url /reg spend time 2ms
2019-05-19 18:00:57.699 [Thread-8] INFO  cn.lastwhisper.server.core.Dispatcher - reuqest url /reg spend time 1ms
2019-05-19 18:00:58.012 [Thread-9] INFO  cn.lastwhisper.server.core.Dispatcher - reuqest url /reg spend time 2ms
2019-05-19 18:00:58.197 [Thread-10] INFO  cn.lastwhisper.server.core.Dispatcher - reuqest url /reg spend time 0ms
2019-05-19 18:00:58.361 [Thread-11] INFO  cn.lastwhisper.server.core.Dispatcher - reuqest url /reg spend time 1ms
2019-05-19 18:00:58.534 [Thread-12] INFO  cn.lastwhisper.server.core.Dispatcher - reuqest url /reg spend time 1ms
2019-05-19 18:00:58.689 [Thread-13] INFO  cn.lastwhisper.server.core.Dispatcher - reuqest url /reg spend time 1ms
2019-05-19 18:15:56.384 [main] INFO  cn.lastwhisper.server.core.Server - MyTomcat server 8888 startup
2019-05-19 18:16:01.348 [pool-2-thread-1] INFO  cn.lastwhisper.server.core.Dispatcher - reuqest url /reg spend time 7ms
2019-05-19 18:16:02.274 [pool-2-thread-2] INFO  cn.lastwhisper.server.core.Dispatcher - reuqest url /reg spend time 0ms
2019-05-19 18:16:02.912 [pool-2-thread-3] INFO  cn.lastwhisper.server.core.Dispatcher - reuqest url /reg spend time 3ms
2019-05-19 18:16:03.437 [pool-2-thread-4] INFO  cn.lastwhisper.server.core.Dispatcher - reuqest url /reg spend time 1ms
2019-05-19 18:16:03.956 [pool-2-thread-5] INFO  cn.lastwhisper.server.core.Dispatcher - reuqest url /reg spend time 0ms
2019-05-19 18:16:04.462 [pool-2-thread-6] INFO  cn.lastwhisper.server.core.Dispatcher - reuqest url /reg spend time 1ms
2019-05-19 18:16:04.702 [pool-2-thread-7] INFO  cn.lastwhisper.server.core.Dispatcher - reuqest url /reg spend time 1ms
2019-05-19 18:16:04.919 [pool-2-thread-8] INFO  cn.lastwhisper.server.core.Dispatcher - reuqest url /reg spend time 0ms
2019-05-19 18:16:05.111 [pool-2-thread-9] INFO  cn.lastwhisper.server.core.Dispatcher - reuqest url /reg spend time 0ms
2019-05-19 18:16:05.297 [pool-2-thread-10] INFO  cn.lastwhisper.server.core.Dispatcher - reuqest url /reg spend time 0ms
2019-05-19 18:16:05.515 [pool-2-thread-1] INFO  cn.lastwhisper.server.core.Dispatcher - reuqest url /reg spend time 1ms
2019-05-19 18:16:05.703 [pool-2-thread-2] INFO  cn.lastwhisper.server.core.Dispatcher - reuqest url /reg spend time 1ms
2019-05-19 18:16:05.879 [pool-2-thread-3] INFO  cn.lastwhisper.server.core.Dispatcher - reuqest url /reg spend time 1ms
2019-05-19 18:16:06.071 [pool-2-thread-4] INFO  cn.lastwhisper.server.core.Dispatcher - reuqest url /reg spend time 0ms
2019-05-19 18:17:12.300 [main] INFO  cn.lastwhisper.server.core.Server - MyTomcat server 8888 startup
2019-05-19 18:17:19.360 [pool-2-thread-1] INFO  cn.lastwhisper.server.core.Dispatcher - reuqest url /reg spend time 7ms
2019-05-19 18:17:20.052 [pool-2-thread-2] INFO  cn.lastwhisper.server.core.Dispatcher - reuqest url /reg spend time 4ms
2019-05-19 18:17:20.446 [pool-2-thread-3] INFO  cn.lastwhisper.server.core.Dispatcher - reuqest url /reg spend time 0ms
2019-05-19 18:17:20.642 [pool-2-thread-4] INFO  cn.lastwhisper.server.core.Dispatcher - reuqest url /reg spend time 2ms
2019-05-19 18:17:20.821 [pool-2-thread-5] INFO  cn.lastwhisper.server.core.Dispatcher - reuqest url /reg spend time 1ms
2019-05-19 18:17:21.016 [pool-2-thread-6] INFO  cn.lastwhisper.server.core.Dispatcher - reuqest url /reg spend time 0ms
2019-05-19 18:17:21.213 [pool-2-thread-7] INFO  cn.lastwhisper.server.core.Dispatcher - reuqest url /reg spend time 1ms
2019-05-19 18:17:21.377 [pool-2-thread-8] INFO  cn.lastwhisper.server.core.Dispatcher - reuqest url /reg spend time 2ms
2019-05-19 18:17:21.524 [pool-2-thread-9] INFO  cn.lastwhisper.server.core.Dispatcher - reuqest url /reg spend time 1ms
2019-05-19 18:17:21.703 [pool-2-thread-10] INFO  cn.lastwhisper.server.core.Dispatcher - reuqest url /reg spend time 1ms
2019-05-19 18:17:21.879 [pool-2-thread-1] INFO  cn.lastwhisper.server.core.Dispatcher - reuqest url /reg spend time 1ms
2019-05-19 18:17:22.067 [pool-2-thread-2] INFO  cn.lastwhisper.server.core.Dispatcher - reuqest url /reg spend time 0ms
2019-05-19 18:17:22.249 [pool-2-thread-3] INFO  cn.lastwhisper.server.core.Dispatcher - reuqest url /reg spend time 1ms
2019-05-19 18:17:22.442 [pool-2-thread-4] INFO  cn.lastwhisper.server.core.Dispatcher - reuqest url /reg spend time 2ms
2019-05-19 18:17:23.668 [pool-2-thread-5] INFO  cn.lastwhisper.server.core.Dispatcher - reuqest url / spend time 1ms
2019-05-19 18:17:25.387 [pool-2-thread-6] INFO  cn.lastwhisper.server.core.Dispatcher - reuqest url /register.html spend time 1ms
2019-05-19 18:17:26.973 [pool-2-thread-7] INFO  cn.lastwhisper.server.core.Dispatcher - reuqest url /login.html spend time 1ms
2019-05-19 18:17:28.318 [pool-2-thread-8] INFO  cn.lastwhisper.server.core.Dispatcher - reuqest url /login spend time 4ms
2019-05-19 18:17:31.868 [pool-2-thread-9] INFO  cn.lastwhisper.server.core.Dispatcher - reuqest url /register.html spend time 1ms
2019-05-19 18:17:35.469 [pool-2-thread-10] INFO  cn.lastwhisper.server.core.Dispatcher - reuqest url /reg spend time 2ms
2019-05-19 18:17:39.929 [pool-2-thread-1] INFO  cn.lastwhisper.server.core.Dispatcher - reuqest url /reg spend time 3ms
2019-05-19 18:17:40.345 [pool-2-thread-2] INFO  cn.lastwhisper.server.core.Dispatcher - reuqest url /reg spend time 0ms
2019-05-19 18:17:40.515 [pool-2-thread-3] INFO  cn.lastwhisper.server.core.Dispatcher - reuqest url /reg spend time 0ms
2019-05-19 18:17:42.325 [pool-2-thread-4] INFO  cn.lastwhisper.server.core.Dispatcher - reuqest url /reg spend time 1ms
2019-05-19 18:17:42.505 [pool-2-thread-5] INFO  cn.lastwhisper.server.core.Dispatcher - reuqest url /reg spend time 0ms
2019-05-19 18:17:42.680 [pool-2-thread-6] INFO  cn.lastwhisper.server.core.Dispatcher - reuqest url /reg spend time 0ms
2019-05-19 18:17:42.889 [pool-2-thread-7] INFO  cn.lastwhisper.server.core.Dispatcher - reuqest url /reg spend time 0ms
2019-05-19 18:17:43.066 [pool-2-thread-8] INFO  cn.lastwhisper.server.core.Dispatcher - reuqest url /reg spend time 0ms
2019-05-19 18:17:43.239 [pool-2-thread-9] INFO  cn.lastwhisper.server.core.Dispatcher - reuqest url /reg spend time 0ms
2019-05-19 18:17:43.409 [pool-2-thread-10] INFO  cn.lastwhisper.server.core.Dispatcher - reuqest url /reg spend time 1ms
2019-05-19 18:17:43.578 [pool-2-thread-1] INFO  cn.lastwhisper.server.core.Dispatcher - reuqest url /reg spend time 0ms
2019-05-19 18:17:43.767 [pool-2-thread-2] INFO  cn.lastwhisper.server.core.Dispatcher - reuqest url /reg spend time 1ms
2019-05-19 18:17:43.949 [pool-2-thread-3] INFO  cn.lastwhisper.server.core.Dispatcher - reuqest url /reg spend time 0ms
2019-05-19 18:17:44.127 [pool-2-thread-4] INFO  cn.lastwhisper.server.core.Dispatcher - reuqest url /reg spend time 1ms
2019-05-19 18:17:44.312 [pool-2-thread-5] INFO  cn.lastwhisper.server.core.Dispatcher - reuqest url /reg spend time 0ms
2019-05-19 18:17:44.506 [pool-2-thread-6] INFO  cn.lastwhisper.server.core.Dispatcher - reuqest url /reg spend time 1ms
2019-05-19 18:17:44.695 [pool-2-thread-7] INFO  cn.lastwhisper.server.core.Dispatcher - reuqest url /reg spend time 0ms
2019-05-19 18:17:44.894 [pool-2-thread-8] INFO  cn.lastwhisper.server.core.Dispatcher - reuqest url /reg spend time 1ms
2019-05-19 18:17:45.090 [pool-2-thread-9] INFO  cn.lastwhisper.server.core.Dispatcher - reuqest url /reg spend time 1ms
2019-05-19 18:17:45.275 [pool-2-thread-10] INFO  cn.lastwhisper.server.core.Dispatcher - reuqest url /reg spend time 0ms
2019-05-19 18:17:45.464 [pool-2-thread-1] INFO  cn.lastwhisper.server.core.Dispatcher - reuqest url /reg spend time 0ms
2019-05-19 18:17:45.651 [pool-2-thread-2] INFO  cn.lastwhisper.server.core.Dispatcher - reuqest url /reg spend time 1ms
2019-05-19 18:17:45.839 [pool-2-thread-3] INFO  cn.lastwhisper.server.core.Dispatcher - reuqest url /reg spend time 1ms
2019-05-19 18:17:46.027 [pool-2-thread-4] INFO  cn.lastwhisper.server.core.Dispatcher - reuqest url /reg spend time 0ms
2019-05-19 18:17:46.389 [pool-2-thread-5] INFO  cn.lastwhisper.server.core.Dispatcher - reuqest url /reg spend time 0ms
2019-05-19 18:17:46.592 [pool-2-thread-6] INFO  cn.lastwhisper.server.core.Dispatcher - reuqest url /reg spend time 0ms
2019-05-19 18:17:46.794 [pool-2-thread-7] INFO  cn.lastwhisper.server.core.Dispatcher - reuqest url /reg spend time 1ms
2019-05-19 18:18:31.803 [main] INFO  cn.lastwhisper.server.core.Server - MyTomcat server 8888 startup
2019-05-19 18:18:31.888 [pool-2-thread-1] INFO  cn.lastwhisper.server.core.Dispatcher - reuqest url /reg spend time 5ms
2019-05-19 18:18:33.205 [pool-2-thread-2] INFO  cn.lastwhisper.server.core.Dispatcher - reuqest url /reg spend time 0ms
2019-05-19 18:18:33.375 [pool-2-thread-3] INFO  cn.lastwhisper.server.core.Dispatcher - reuqest url /reg spend time 0ms
2019-05-19 18:18:33.537 [pool-2-thread-4] INFO  cn.lastwhisper.server.core.Dispatcher - reuqest url /reg spend time 0ms
2019-05-19 18:18:33.700 [pool-2-thread-5] INFO  cn.lastwhisper.server.core.Dispatcher - reuqest url /reg spend time 0ms
2019-05-19 18:18:33.862 [pool-2-thread-6] INFO  cn.lastwhisper.server.core.Dispatcher - reuqest url /reg spend time 1ms
2019-05-19 18:18:34.037 [pool-2-thread-7] INFO  cn.lastwhisper.server.core.Dispatcher - reuqest url /reg spend time 0ms
2019-05-19 18:18:34.371 [pool-2-thread-8] INFO  cn.lastwhisper.server.core.Dispatcher - reuqest url /reg spend time 0ms
2019-05-19 18:18:34.544 [pool-2-thread-9] INFO  cn.lastwhisper.server.core.Dispatcher - reuqest url /reg spend time 0ms
2019-05-19 18:18:34.728 [pool-2-thread-10] INFO  cn.lastwhisper.server.core.Dispatcher - reuqest url /reg spend time 0ms
2019-05-19 18:18:34.893 [pool-2-thread-1] INFO  cn.lastwhisper.server.core.Dispatcher - reuqest url /reg spend time 0ms
2019-05-19 18:18:35.113 [pool-2-thread-2] INFO  cn.lastwhisper.server.core.Dispatcher - reuqest url /reg spend time 1ms
2019-05-19 18:18:35.430 [pool-2-thread-3] INFO  cn.lastwhisper.server.core.Dispatcher - reuqest url /reg spend time 0ms
2019-05-19 18:18:35.610 [pool-2-thread-4] INFO  cn.lastwhisper.server.core.Dispatcher - reuqest url /reg spend time 3ms
2019-05-19 18:18:35.785 [pool-2-thread-5] INFO  cn.lastwhisper.server.core.Dispatcher - reuqest url /reg spend time 0ms
2019-05-19 18:18:35.966 [pool-2-thread-6] INFO  cn.lastwhisper.server.core.Dispatcher - reuqest url /reg spend time 2ms
2019-05-19 18:18:36.140 [pool-2-thread-7] INFO  cn.lastwhisper.server.core.Dispatcher - reuqest url /reg spend time 1ms
2019-05-19 18:18:36.327 [pool-2-thread-8] INFO  cn.lastwhisper.server.core.Dispatcher - reuqest url /reg spend time 0ms
2019-05-19 18:18:36.520 [pool-2-thread-9] INFO  cn.lastwhisper.server.core.Dispatcher - reuqest url /reg spend time 0ms
2019-05-19 18:18:36.712 [pool-2-thread-10] INFO  cn.lastwhisper.server.core.Dispatcher - reuqest url /reg spend time 3ms
2019-05-19 18:18:36.894 [pool-2-thread-1] INFO  cn.lastwhisper.server.core.Dispatcher - reuqest url /reg spend time 1ms
2019-05-19 18:18:37.058 [pool-2-thread-2] INFO  cn.lastwhisper.server.core.Dispatcher - reuqest url /reg spend time 1ms
2019-05-19 18:19:06.684 [main] INFO  cn.lastwhisper.server.core.Server - MyTomcat server 8888 startup
2019-05-19 18:19:07.473 [pool-2-thread-1] INFO  cn.lastwhisper.server.core.Dispatcher - reuqest url /reg spend time 7ms
2019-05-19 18:19:08.012 [pool-2-thread-2] INFO  cn.lastwhisper.server.core.Dispatcher - reuqest url /reg spend time 0ms
2019-05-19 18:19:08.780 [pool-2-thread-3] INFO  cn.lastwhisper.server.core.Dispatcher - reuqest url /reg spend time 1ms
2019-05-19 18:19:08.945 [pool-2-thread-4] INFO  cn.lastwhisper.server.core.Dispatcher - reuqest url /reg spend time 0ms
2019-05-19 18:19:09.114 [pool-2-thread-5] INFO  cn.lastwhisper.server.core.Dispatcher - reuqest url /reg spend time 0ms
2019-05-19 18:19:09.275 [pool-2-thread-6] INFO  cn.lastwhisper.server.core.Dispatcher - reuqest url /reg spend time 1ms
2019-05-19 18:19:09.598 [pool-2-thread-7] INFO  cn.lastwhisper.server.core.Dispatcher - reuqest url /reg spend time 0ms
2019-05-19 18:19:09.757 [pool-2-thread-8] INFO  cn.lastwhisper.server.core.Dispatcher - reuqest url /reg spend time 0ms
2019-05-19 18:19:09.924 [pool-2-thread-9] INFO  cn.lastwhisper.server.core.Dispatcher - reuqest url /reg spend time 1ms
2019-05-19 18:19:10.089 [pool-2-thread-10] INFO  cn.lastwhisper.server.core.Dispatcher - reuqest url /reg spend time 0ms
2019-05-19 18:19:10.268 [pool-2-thread-1] INFO  cn.lastwhisper.server.core.Dispatcher - reuqest url /reg spend time 0ms
2019-05-19 18:19:10.444 [pool-2-thread-2] INFO  cn.lastwhisper.server.core.Dispatcher - reuqest url /reg spend time 0ms
2019-05-19 18:19:10.782 [pool-2-thread-3] INFO  cn.lastwhisper.server.core.Dispatcher - reuqest url /reg spend time 0ms
2019-05-19 18:19:10.959 [pool-2-thread-4] INFO  cn.lastwhisper.server.core.Dispatcher - reuqest url /reg spend time 2ms
2019-05-19 18:19:11.139 [pool-2-thread-5] INFO  cn.lastwhisper.server.core.Dispatcher - reuqest url /reg spend time 0ms
2019-05-19 18:19:11.310 [pool-2-thread-6] INFO  cn.lastwhisper.server.core.Dispatcher - reuqest url /reg spend time 4ms
2019-05-19 18:19:11.483 [pool-2-thread-7] INFO  cn.lastwhisper.server.core.Dispatcher - reuqest url /reg spend time 1ms
2019-05-19 18:19:11.658 [pool-2-thread-8] INFO  cn.lastwhisper.server.core.Dispatcher - reuqest url /reg spend time 1ms
2019-05-19 18:19:11.999 [pool-2-thread-9] INFO  cn.lastwhisper.server.core.Dispatcher - reuqest url /reg spend time 1ms
2019-05-19 18:19:12.178 [pool-2-thread-10] INFO  cn.lastwhisper.server.core.Dispatcher - reuqest url /reg spend time 3ms
2019-05-19 18:19:12.352 [pool-2-thread-1] INFO  cn.lastwhisper.server.core.Dispatcher - reuqest url /reg spend time 1ms
2019-05-19 18:19:12.535 [pool-2-thread-2] INFO  cn.lastwhisper.server.core.Dispatcher - reuqest url /reg spend time 1ms
2019-05-19 18:19:12.703 [pool-2-thread-3] INFO  cn.lastwhisper.server.core.Dispatcher - reuqest url /reg spend time 1ms
2019-05-19 18:19:12.894 [pool-2-thread-4] INFO  cn.lastwhisper.server.core.Dispatcher - reuqest url /reg spend time 1ms
2019-05-19 18:19:19.665 [pool-2-thread-5] INFO  cn.lastwhisper.server.core.Dispatcher - reuqest url /reg spend time 0ms
2019-05-19 18:19:19.847 [pool-2-thread-6] INFO  cn.lastwhisper.server.core.Dispatcher - reuqest url /reg spend time 3ms
2019-05-19 18:19:20.006 [pool-2-thread-7] INFO  cn.lastwhisper.server.core.Dispatcher - reuqest url /reg spend time 1ms
2019-05-19 18:19:20.168 [pool-2-thread-8] INFO  cn.lastwhisper.server.core.Dispatcher - reuqest url /reg spend time 0ms
2019-05-19 18:19:20.351 [pool-2-thread-9] INFO  cn.lastwhisper.server.core.Dispatcher - reuqest url /reg spend time 1ms
2019-05-19 18:19:20.582 [pool-2-thread-10] INFO  cn.lastwhisper.server.core.Dispatcher - reuqest url /reg spend time 1ms
2019-05-19 18:19:20.860 [pool-2-thread-1] INFO  cn.lastwhisper.server.core.Dispatcher - reuqest url /reg spend time 0ms
2019-05-19 18:19:21.025 [pool-2-thread-2] INFO  cn.lastwhisper.server.core.Dispatcher - reuqest url /reg spend time 4ms
2019-05-19 18:19:21.198 [pool-2-thread-3] INFO  cn.lastwhisper.server.core.Dispatcher - reuqest url /reg spend time 1ms
2019-05-19 18:19:21.380 [pool-2-thread-4] INFO  cn.lastwhisper.server.core.Dispatcher - reuqest url /reg spend time 1ms
2019-05-19 18:19:21.700 [pool-2-thread-5] INFO  cn.lastwhisper.server.core.Dispatcher - reuqest url /reg spend time 0ms
2019-05-19 18:19:21.868 [pool-2-thread-6] INFO  cn.lastwhisper.server.core.Dispatcher - reuqest url /reg spend time 0ms
2019-05-19 18:48:22.432 [main] INFO  cn.lastwhisper.server.core.Server - MyTomcat server 9999 startup
2019-05-19 18:48:40.673 [main] INFO  cn.lastwhisper.server.core.Server - MyTomcat server 8888 startup
2019-05-19 18:49:07.600 [pool-2-thread-1] INFO  cn.lastwhisper.server.core.Dispatcher - reuqest url /reg spend time 12ms
2019-05-19 18:49:10.560 [pool-2-thread-2] INFO  cn.lastwhisper.server.core.Dispatcher - reuqest url /reg spend time 6ms
2019-05-19 18:49:12.620 [pool-2-thread-3] INFO  cn.lastwhisper.server.core.Dispatcher - reuqest url /reg spend time 5ms
2019-05-19 18:49:12.966 [pool-2-thread-4] INFO  cn.lastwhisper.server.core.Dispatcher - reuqest url /reg spend time 1ms
2019-05-19 18:49:13.348 [pool-2-thread-5] INFO  cn.lastwhisper.server.core.Dispatcher - reuqest url /reg spend time 1ms
2019-05-19 18:49:13.703 [pool-2-thread-6] INFO  cn.lastwhisper.server.core.Dispatcher - reuqest url /reg spend time 1ms
2019-05-19 18:49:13.897 [pool-2-thread-7] INFO  cn.lastwhisper.server.core.Dispatcher - reuqest url /reg spend time 0ms
2019-05-19 18:49:14.099 [pool-2-thread-8] INFO  cn.lastwhisper.server.core.Dispatcher - reuqest url /reg spend time 1ms
2019-05-19 18:49:14.434 [pool-2-thread-9] INFO  cn.lastwhisper.server.core.Dispatcher - reuqest url /reg spend time 3ms
2019-05-19 18:49:14.628 [pool-2-thread-10] INFO  cn.lastwhisper.server.core.Dispatcher - reuqest url /reg spend time 0ms
2019-05-19 18:49:16.853 [pool-2-thread-1] INFO  cn.lastwhisper.server.core.Dispatcher - reuqest url /reg spend time 1ms
2019-05-19 18:49:17.208 [pool-2-thread-2] INFO  cn.lastwhisper.server.core.Dispatcher - reuqest url /reg spend time 1ms
2019-05-19 18:49:17.400 [pool-2-thread-3] INFO  cn.lastwhisper.server.core.Dispatcher - reuqest url /reg spend time 1ms
2019-05-19 18:49:17.605 [pool-2-thread-4] INFO  cn.lastwhisper.server.core.Dispatcher - reuqest url /reg spend time 3ms
2019-05-19 18:49:17.799 [pool-2-thread-5] INFO  cn.lastwhisper.server.core.Dispatcher - reuqest url /reg spend time 0ms
2019-05-19 18:49:18.000 [pool-2-thread-6] INFO  cn.lastwhisper.server.core.Dispatcher - reuqest url /reg spend time 3ms
2019-05-19 18:49:18.183 [pool-2-thread-7] INFO  cn.lastwhisper.server.core.Dispatcher - reuqest url /reg spend time 0ms
2019-05-19 18:49:18.364 [pool-2-thread-8] INFO  cn.lastwhisper.server.core.Dispatcher - reuqest url /reg spend time 1ms
2019-05-19 18:49:18.561 [pool-2-thread-9] INFO  cn.lastwhisper.server.core.Dispatcher - reuqest url /reg spend time 0ms
2019-05-19 18:49:18.775 [pool-2-thread-10] INFO  cn.lastwhisper.server.core.Dispatcher - reuqest url /reg spend time 3ms
2019-05-19 18:49:18.976 [pool-2-thread-1] INFO  cn.lastwhisper.server.core.Dispatcher - reuqest url /reg spend time 0ms
2019-05-19 18:49:19.193 [pool-2-thread-2] INFO  cn.lastwhisper.server.core.Dispatcher - reuqest url /reg spend time 0ms
2019-05-19 18:49:19.410 [pool-2-thread-3] INFO  cn.lastwhisper.server.core.Dispatcher - reuqest url /reg spend time 1ms
2019-05-19 18:49:19.601 [pool-2-thread-4] INFO  cn.lastwhisper.server.core.Dispatcher - reuqest url /reg spend time 0ms
2019-05-19 18:49:19.793 [pool-2-thread-5] INFO  cn.lastwhisper.server.core.Dispatcher - reuqest url /reg spend time 0ms
2019-05-19 18:49:20.004 [pool-2-thread-6] INFO  cn.lastwhisper.server.core.Dispatcher - reuqest url /reg spend time 3ms
2019-05-19 18:49:20.198 [pool-2-thread-7] INFO  cn.lastwhisper.server.core.Dispatcher - reuqest url /reg spend time 1ms
2019-05-19 18:49:20.425 [pool-2-thread-8] INFO  cn.lastwhisper.server.core.Dispatcher - reuqest url /reg spend time 0ms
2019-05-19 18:49:20.614 [pool-2-thread-9] INFO  cn.lastwhisper.server.core.Dispatcher - reuqest url /reg spend time 0ms
2019-05-19 18:49:20.817 [pool-2-thread-10] INFO  cn.lastwhisper.server.core.Dispatcher - reuqest url /reg spend time 0ms
2019-05-19 18:49:21.027 [pool-2-thread-1] INFO  cn.lastwhisper.server.core.Dispatcher - reuqest url /reg spend time 1ms
2019-05-19 18:49:21.239 [pool-2-thread-2] INFO  cn.lastwhisper.server.core.Dispatcher - reuqest url /reg spend time 3ms
2019-05-19 18:49:21.457 [pool-2-thread-3] INFO  cn.lastwhisper.server.core.Dispatcher - reuqest url /reg spend time 0ms
2019-05-19 18:49:21.650 [pool-2-thread-4] INFO  cn.lastwhisper.server.core.Dispatcher - reuqest url /reg spend time 0ms
2019-05-19 18:49:21.825 [pool-2-thread-5] INFO  cn.lastwhisper.server.core.Dispatcher - reuqest url /reg spend time 1ms
2019-05-19 18:49:22.032 [pool-2-thread-6] INFO  cn.lastwhisper.server.core.Dispatcher - reuqest url /reg spend time 0ms
2019-05-19 18:49:22.244 [pool-2-thread-7] INFO  cn.lastwhisper.server.core.Dispatcher - reuqest url /reg spend time 3ms
2019-05-19 18:49:22.426 [pool-2-thread-8] INFO  cn.lastwhisper.server.core.Dispatcher - reuqest url /reg spend time 1ms
2019-05-19 18:49:22.617 [pool-2-thread-9] INFO  cn.lastwhisper.server.core.Dispatcher - reuqest url /reg spend time 0ms
2019-05-19 18:49:22.825 [pool-2-thread-10] INFO  cn.lastwhisper.server.core.Dispatcher - reuqest url /reg spend time 0ms
2019-05-19 18:49:23.079 [pool-2-thread-1] INFO  cn.lastwhisper.server.core.Dispatcher - reuqest url /reg spend time 0ms
2019-05-19 18:49:26.280 [pool-2-thread-2] INFO  cn.lastwhisper.server.core.Dispatcher - reuqest url / spend time 2ms
2019-05-19 18:49:28.034 [pool-2-thread-3] INFO  cn.lastwhisper.server.core.Dispatcher - reuqest url / spend time 1ms
2019-05-19 18:49:28.242 [pool-2-thread-4] INFO  cn.lastwhisper.server.core.Dispatcher - reuqest url / spend time 1ms
2019-05-19 18:49:28.430 [pool-2-thread-5] INFO  cn.lastwhisper.server.core.Dispatcher - reuqest url / spend time 1ms
2019-05-19 18:49:28.599 [pool-2-thread-6] INFO  cn.lastwhisper.server.core.Dispatcher - reuqest url / spend time 1ms
2019-05-19 18:49:28.781 [pool-2-thread-7] INFO  cn.lastwhisper.server.core.Dispatcher - reuqest url / spend time 1ms
2019-05-19 18:49:28.971 [pool-2-thread-8] INFO  cn.lastwhisper.server.core.Dispatcher - reuqest url / spend time 1ms
2019-05-19 18:49:29.162 [pool-2-thread-9] INFO  cn.lastwhisper.server.core.Dispatcher - reuqest url / spend time 1ms
2019-05-19 18:49:29.353 [pool-2-thread-10] INFO  cn.lastwhisper.server.core.Dispatcher - reuqest url / spend time 1ms
2019-05-19 18:49:30.131 [pool-2-thread-1] INFO  cn.lastwhisper.server.core.Dispatcher - reuqest url /login.html spend time 1ms
2019-05-19 18:49:31.399 [pool-2-thread-2] INFO  cn.lastwhisper.server.core.Dispatcher - reuqest url /login spend time 1ms
2019-05-19 18:49:35.379 [pool-2-thread-3] INFO  cn.lastwhisper.server.core.Dispatcher - reuqest url /login spend time 0ms
2019-05-19 18:49:37.200 [pool-2-thread-4] INFO  cn.lastwhisper.server.core.Dispatcher - reuqest url /register.html spend time 1ms
2019-05-19 18:49:40.486 [pool-2-thread-5] INFO  cn.lastwhisper.server.core.Dispatcher - reuqest url /reg spend time 0ms
2019-05-19 18:49:41.979 [pool-2-thread-6] INFO  cn.lastwhisper.server.core.Dispatcher - reuqest url /reg spend time 0ms
2019-05-19 18:49:43.035 [pool-2-thread-7] INFO  cn.lastwhisper.server.core.Dispatcher - reuqest url /reg spend time 0ms
2019-05-19 18:49:43.260 [pool-2-thread-8] INFO  cn.lastwhisper.server.core.Dispatcher - reuqest url /reg spend time 1ms
2019-05-19 18:49:45.729 [pool-2-thread-9] INFO  cn.lastwhisper.server.core.Dispatcher - reuqest url /re spend time 1ms
2019-05-19 18:49:47.651 [pool-2-thread-10] INFO  cn.lastwhisper.server.core.Dispatcher - reuqest url / spend time 1ms
2019-05-19 18:49:48.574 [pool-2-thread-1] INFO  cn.lastwhisper.server.core.Dispatcher - reuqest url / spend time 1ms
2019-05-19 18:49:49.232 [pool-2-thread-2] INFO  cn.lastwhisper.server.core.Dispatcher - reuqest url / spend time 2ms
2019-05-19 18:49:49.414 [pool-2-thread-3] INFO  cn.lastwhisper.server.core.Dispatcher - reuqest url / spend time 1ms
2019-05-19 18:49:49.584 [pool-2-thread-4] INFO  cn.lastwhisper.server.core.Dispatcher - reuqest url / spend time 1ms
2019-05-19 18:49:49.761 [pool-2-thread-5] INFO  cn.lastwhisper.server.core.Dispatcher - reuqest url / spend time 1ms
2019-05-19 18:49:49.917 [pool-2-thread-6] INFO  cn.lastwhisper.server.core.Dispatcher - reuqest url / spend time 1ms
2019-05-19 18:53:26.992 [main] INFO  cn.lastwhisper.server.core.Server - MyTomcat server 8888 startup
2019-05-19 18:56:07.204 [main] INFO  cn.lastwhisper.server.core.Server - MyTomcat server 8888 startup
2019-05-19 18:56:24.871 [pool-2-thread-1] INFO  cn.lastwhisper.server.core.Dispatcher - reuqest url /reg spend time 7ms
2019-05-19 18:56:25.242 [pool-2-thread-2] INFO  cn.lastwhisper.server.core.Dispatcher - reuqest url /reg spend time 1ms
2019-05-19 18:56:25.423 [pool-2-thread-3] INFO  cn.lastwhisper.server.core.Dispatcher - reuqest url /reg spend time 5ms
2019-05-19 18:56:25.634 [pool-2-thread-4] INFO  cn.lastwhisper.server.core.Dispatcher - reuqest url /reg spend time 1ms
2019-05-19 18:56:25.820 [pool-2-thread-5] INFO  cn.lastwhisper.server.core.Dispatcher - reuqest url /reg spend time 1ms
2019-05-19 18:56:26.875 [pool-2-thread-6] INFO  cn.lastwhisper.server.core.Dispatcher - reuqest url /reg spend time 1ms
2019-05-19 18:56:27.180 [pool-2-thread-7] INFO  cn.lastwhisper.server.core.Dispatcher - reuqest url /reg spend time 1ms
2019-05-19 18:56:27.359 [pool-2-thread-8] INFO  cn.lastwhisper.server.core.Dispatcher - reuqest url /reg spend time 2ms
2019-05-19 18:56:27.708 [pool-2-thread-9] INFO  cn.lastwhisper.server.core.Dispatcher - reuqest url /reg spend time 1ms
2019-05-19 18:56:28.067 [pool-2-thread-10] INFO  cn.lastwhisper.server.core.Dispatcher - reuqest url /reg spend time 1ms
2019-05-19 18:56:28.261 [pool-2-thread-1] INFO  cn.lastwhisper.server.core.Dispatcher - reuqest url /reg spend time 0ms
2019-05-19 18:56:28.602 [pool-2-thread-2] INFO  cn.lastwhisper.server.core.Dispatcher - reuqest url /reg spend time 1ms
2019-05-19 18:56:28.791 [pool-2-thread-3] INFO  cn.lastwhisper.server.core.Dispatcher - reuqest url /reg spend time 1ms
2019-05-19 18:56:28.974 [pool-2-thread-4] INFO  cn.lastwhisper.server.core.Dispatcher - reuqest url /reg spend time 3ms
2019-05-19 18:56:29.165 [pool-2-thread-5] INFO  cn.lastwhisper.server.core.Dispatcher - reuqest url /reg spend time 1ms
2019-05-19 18:56:29.414 [pool-2-thread-6] INFO  cn.lastwhisper.server.core.Dispatcher - reuqest url /reg spend time 2ms
2019-05-19 18:56:29.710 [pool-2-thread-7] INFO  cn.lastwhisper.server.core.Dispatcher - reuqest url /reg spend time 0ms
2019-05-19 18:56:29.887 [pool-2-thread-8] INFO  cn.lastwhisper.server.core.Dispatcher - reuqest url /reg spend time 1ms
2019-05-19 18:56:30.088 [pool-2-thread-9] INFO  cn.lastwhisper.server.core.Dispatcher - reuqest url /reg spend time 0ms
2019-05-19 18:56:30.397 [pool-2-thread-10] INFO  cn.lastwhisper.server.core.Dispatcher - reuqest url /reg spend time 1ms
2019-05-19 18:56:30.582 [pool-2-thread-1] INFO  cn.lastwhisper.server.core.Dispatcher - reuqest url /reg spend time 0ms
2019-05-19 18:56:30.779 [pool-2-thread-2] INFO  cn.lastwhisper.server.core.Dispatcher - reuqest url /reg spend time 1ms
2019-05-19 18:56:30.946 [pool-2-thread-3] INFO  cn.lastwhisper.server.core.Dispatcher - reuqest url /reg spend time 0ms
2019-05-19 18:56:31.154 [pool-2-thread-4] INFO  cn.lastwhisper.server.core.Dispatcher - reuqest url /reg spend time 0ms
2019-05-19 18:56:31.352 [pool-2-thread-5] INFO  cn.lastwhisper.server.core.Dispatcher - reuqest url /reg spend time 0ms
2019-05-19 18:56:31.535 [pool-2-thread-6] INFO  cn.lastwhisper.server.core.Dispatcher - reuqest url /reg spend time 2ms
2019-05-19 18:56:31.711 [pool-2-thread-7] INFO  cn.lastwhisper.server.core.Dispatcher - reuqest url /reg spend time 1ms
2019-05-19 18:56:31.912 [pool-2-thread-8] INFO  cn.lastwhisper.server.core.Dispatcher - reuqest url /reg spend time 0ms
2019-05-19 18:56:34.650 [pool-2-thread-9] INFO  cn.lastwhisper.server.core.Dispatcher - reuqest url / spend time 1ms
2019-05-19 18:56:35.095 [pool-2-thread-10] INFO  cn.lastwhisper.server.core.Dispatcher - reuqest url / spend time 1ms
2019-05-19 18:56:35.349 [pool-2-thread-1] INFO  cn.lastwhisper.server.core.Dispatcher - reuqest url / spend time 0ms
2019-05-19 18:56:35.537 [pool-2-thread-2] INFO  cn.lastwhisper.server.core.Dispatcher - reuqest url / spend time 4ms
2019-05-19 18:56:35.715 [pool-2-thread-3] INFO  cn.lastwhisper.server.core.Dispatcher - reuqest url / spend time 0ms
2019-05-19 18:56:35.915 [pool-2-thread-4] INFO  cn.lastwhisper.server.core.Dispatcher - reuqest url / spend time 1ms
2019-05-19 18:56:36.872 [pool-2-thread-5] INFO  cn.lastwhisper.server.core.Dispatcher - reuqest url /register.html spend time 1ms
2019-05-19 18:56:39.419 [pool-2-thread-6] INFO  cn.lastwhisper.server.core.Dispatcher - reuqest url /reg spend time 0ms
2019-05-19 18:56:40.826 [pool-2-thread-7] INFO  cn.lastwhisper.server.core.Dispatcher - reuqest url /reg spend time 0ms
2019-05-19 18:56:41.078 [pool-2-thread-8] INFO  cn.lastwhisper.server.core.Dispatcher - reuqest url /reg spend time 0ms
2019-05-19 18:56:41.269 [pool-2-thread-9] INFO  cn.lastwhisper.server.core.Dispatcher - reuqest url /reg spend time 1ms
2019-05-19 18:56:41.469 [pool-2-thread-10] INFO  cn.lastwhisper.server.core.Dispatcher - reuqest url /reg spend time 1ms
2019-05-19 18:56:43.322 [pool-2-thread-1] INFO  cn.lastwhisper.server.core.Dispatcher - reuqest url /reg spend time 0ms
2019-05-19 18:56:45.054 [pool-2-thread-2] INFO  cn.lastwhisper.server.core.Dispatcher - reuqest url /login.html spend time 2ms
2019-05-19 18:56:46.003 [pool-2-thread-3] INFO  cn.lastwhisper.server.core.Dispatcher - reuqest url /login spend time 0ms
2019-05-19 18:56:47.393 [pool-2-thread-4] INFO  cn.lastwhisper.server.core.Dispatcher - reuqest url /login spend time 0ms
2019-05-19 18:56:47.772 [pool-2-thread-5] INFO  cn.lastwhisper.server.core.Dispatcher - reuqest url /login spend time 0ms
2019-05-19 18:56:49.642 [pool-2-thread-6] INFO  cn.lastwhisper.server.core.Dispatcher - reuqest url /login spend time 0ms
2019-05-19 18:56:57.030 [pool-2-thread-7] INFO  cn.lastwhisper.server.core.Dispatcher - reuqest url /login spend time 1ms
2019-05-19 18:58:42.915 [main] INFO  cn.lastwhisper.server.core.Server - MyTomcat server 8888 startup
2019-05-19 18:58:42.934 [pool-2-thread-1] INFO  cn.lastwhisper.server.core.Dispatcher - reuqest url /loginasdasd13 spend time 6ms
2019-05-19 18:58:44.602 [pool-2-thread-2] INFO  cn.lastwhisper.server.core.Dispatcher - reuqest url /loginasdasd13 spend time 0ms
2019-05-19 18:58:44.791 [pool-2-thread-3] INFO  cn.lastwhisper.server.core.Dispatcher - reuqest url /loginasdasd13 spend time 0ms
2019-05-19 18:58:44.968 [pool-2-thread-4] INFO  cn.lastwhisper.server.core.Dispatcher - reuqest url /loginasdasd13 spend time 1ms
2019-05-19 18:58:45.164 [pool-2-thread-5] INFO  cn.lastwhisper.server.core.Dispatcher - reuqest url /loginasdasd13 spend time 0ms
2019-05-19 18:58:45.353 [pool-2-thread-6] INFO  cn.lastwhisper.server.core.Dispatcher - reuqest url /loginasdasd13 spend time 0ms
2019-05-19 18:58:47.529 [pool-2-thread-7] INFO  cn.lastwhisper.server.core.Dispatcher - reuqest url /lo213123 spend time 1ms
2019-05-19 18:58:49.611 [pool-2-thread-8] INFO  cn.lastwhisper.server.core.Dispatcher - reuqest url /lo213123 spend time 0ms
2019-05-19 18:58:49.934 [pool-2-thread-9] INFO  cn.lastwhisper.server.core.Dispatcher - reuqest url /lo213123 spend time 1ms
2019-05-19 18:58:50.243 [pool-2-thread-10] INFO  cn.lastwhisper.server.core.Dispatcher - reuqest url /lo213123 spend time 1ms
2019-05-19 18:58:50.596 [pool-2-thread-1] INFO  cn.lastwhisper.server.core.Dispatcher - reuqest url /lo213123 spend time 0ms
2019-05-19 18:58:51.128 [pool-2-thread-2] INFO  cn.lastwhisper.server.core.Dispatcher - reuqest url /reg spend time 1ms
2019-05-19 18:58:51.607 [pool-2-thread-3] INFO  cn.lastwhisper.server.core.Dispatcher - reuqest url /reg spend time 1ms
2019-05-19 18:58:51.775 [pool-2-thread-4] INFO  cn.lastwhisper.server.core.Dispatcher - reuqest url /reg spend time 0ms
2019-05-19 18:58:51.934 [pool-2-thread-5] INFO  cn.lastwhisper.server.core.Dispatcher - reuqest url /reg spend time 1ms
2019-05-19 18:58:52.254 [pool-2-thread-6] INFO  cn.lastwhisper.server.core.Dispatcher - reuqest url /reg spend time 1ms
2019-05-19 18:58:52.583 [pool-2-thread-7] INFO  cn.lastwhisper.server.core.Dispatcher - reuqest url /reg spend time 0ms
2019-05-19 18:58:52.749 [pool-2-thread-8] INFO  cn.lastwhisper.server.core.Dispatcher - reuqest url /reg spend time 0ms
2019-05-19 18:58:52.930 [pool-2-thread-9] INFO  cn.lastwhisper.server.core.Dispatcher - reuqest url /reg spend time 0ms
2019-05-19 18:58:53.102 [pool-2-thread-10] INFO  cn.lastwhisper.server.core.Dispatcher - reuqest url /reg spend time 3ms
2019-05-19 18:58:53.273 [pool-2-thread-1] INFO  cn.lastwhisper.server.core.Dispatcher - reuqest url /reg spend time 1ms
2019-05-19 18:58:53.619 [pool-2-thread-2] INFO  cn.lastwhisper.server.core.Dispatcher - reuqest url /reg spend time 1ms
2019-05-19 18:58:53.801 [pool-2-thread-3] INFO  cn.lastwhisper.server.core.Dispatcher - reuqest url /reg spend time 1ms
2019-05-19 18:58:53.972 [pool-2-thread-4] INFO  cn.lastwhisper.server.core.Dispatcher - reuqest url /reg spend time 1ms
2019-05-19 18:58:56.241 [pool-2-thread-5] INFO  cn.lastwhisper.server.core.Dispatcher - reuqest url / spend time 1ms
2019-05-19 18:58:56.490 [pool-2-thread-6] INFO  cn.lastwhisper.server.core.Dispatcher - reuqest url /%E3%80%81 spend time 3ms
2019-05-19 18:58:58.841 [pool-2-thread-7] INFO  cn.lastwhisper.server.core.Dispatcher - reuqest url /login.html spend time 2ms
2019-05-19 18:59:00.235 [pool-2-thread-8] INFO  cn.lastwhisper.server.core.Dispatcher - reuqest url /login spend time 1ms
2019-05-19 18:59:01.620 [pool-2-thread-9] INFO  cn.lastwhisper.server.core.Dispatcher - reuqest url /login spend time 0ms
2019-05-19 18:59:01.849 [pool-2-thread-10] INFO  cn.lastwhisper.server.core.Dispatcher - reuqest url /login spend time 0ms
2019-05-19 18:59:01.999 [pool-2-thread-1] INFO  cn.lastwhisper.server.core.Dispatcher - reuqest url /login spend time 0ms
2019-05-19 18:59:02.177 [pool-2-thread-2] INFO  cn.lastwhisper.server.core.Dispatcher - reuqest url /login spend time 3ms
2019-05-19 18:59:02.518 [pool-2-thread-3] INFO  cn.lastwhisper.server.core.Dispatcher - reuqest url /login spend time 0ms
2019-05-19 18:59:02.855 [pool-2-thread-4] INFO  cn.lastwhisper.server.core.Dispatcher - reuqest url /login spend time 0ms
2019-05-19 18:59:03.034 [pool-2-thread-5] INFO  cn.lastwhisper.server.core.Dispatcher - reuqest url /login spend time 0ms
2019-05-19 18:59:03.238 [pool-2-thread-6] INFO  cn.lastwhisper.server.core.Dispatcher - reuqest url /login spend time 0ms
2019-05-19 18:59:03.602 [pool-2-thread-7] INFO  cn.lastwhisper.server.core.Dispatcher - reuqest url /login spend time 2ms
2019-05-19 18:59:03.796 [pool-2-thread-8] INFO  cn.lastwhisper.server.core.Dispatcher - reuqest url /login spend time 0ms
2019-05-19 18:59:04.152 [pool-2-thread-9] INFO  cn.lastwhisper.server.core.Dispatcher - reuqest url /login spend time 1ms
2019-05-19 18:59:04.348 [pool-2-thread-10] INFO  cn.lastwhisper.server.core.Dispatcher - reuqest url /login spend time 0ms
2019-05-19 18:59:04.532 [pool-2-thread-1] INFO  cn.lastwhisper.server.core.Dispatcher - reuqest url /login spend time 0ms
2019-05-19 18:59:04.721 [pool-2-thread-2] INFO  cn.lastwhisper.server.core.Dispatcher - reuqest url /login spend time 0ms
2019-05-19 18:59:04.893 [pool-2-thread-3] INFO  cn.lastwhisper.server.core.Dispatcher - reuqest url /login spend time 2ms
2019-05-19 18:59:05.082 [pool-2-thread-4] INFO  cn.lastwhisper.server.core.Dispatcher - reuqest url /login spend time 0ms
2019-05-19 18:59:05.253 [pool-2-thread-5] INFO  cn.lastwhisper.server.core.Dispatcher - reuqest url /login spend time 0ms
2019-05-19 18:59:05.613 [pool-2-thread-6] INFO  cn.lastwhisper.server.core.Dispatcher - reuqest url /login spend time 0ms
2019-05-19 18:59:05.791 [pool-2-thread-7] INFO  cn.lastwhisper.server.core.Dispatcher - reuqest url /login spend time 1ms
2019-05-19 18:59:05.982 [pool-2-thread-8] INFO  cn.lastwhisper.server.core.Dispatcher - reuqest url /login spend time 1ms
2019-05-19 18:59:06.163 [pool-2-thread-9] INFO  cn.lastwhisper.server.core.Dispatcher - reuqest url /login spend time 0ms
2019-05-19 18:59:06.366 [pool-2-thread-10] INFO  cn.lastwhisper.server.core.Dispatcher - reuqest url /login spend time 0ms
2019-05-19 18:59:06.552 [pool-2-thread-1] INFO  cn.lastwhisper.server.core.Dispatcher - reuqest url /login spend time 0ms
2019-05-19 18:59:06.752 [pool-2-thread-2] INFO  cn.lastwhisper.server.core.Dispatcher - reuqest url /login spend time 1ms
2019-05-19 18:59:06.946 [pool-2-thread-3] INFO  cn.lastwhisper.server.core.Dispatcher - reuqest url /login spend time 0ms
2019-05-19 18:59:07.134 [pool-2-thread-4] INFO  cn.lastwhisper.server.core.Dispatcher - reuqest url /login spend time 0ms
2019-05-19 18:59:07.317 [pool-2-thread-5] INFO  cn.lastwhisper.server.core.Dispatcher - reuqest url /login spend time 0ms
2019-05-19 18:59:07.540 [pool-2-thread-6] INFO  cn.lastwhisper.server.core.Dispatcher - reuqest url /login spend time 0ms
2019-05-19 18:59:07.725 [pool-2-thread-7] INFO  cn.lastwhisper.server.core.Dispatcher - reuqest url /login spend time 1ms
2019-05-19 18:59:07.924 [pool-2-thread-8] INFO  cn.lastwhisper.server.core.Dispatcher - reuqest url /login spend time 0ms
2019-05-19 18:59:08.113 [pool-2-thread-9] INFO  cn.lastwhisper.server.core.Dispatcher - reuqest url /login spend time 0ms
2019-05-19 18:59:08.316 [pool-2-thread-10] INFO  cn.lastwhisper.server.core.Dispatcher - reuqest url /login spend time 0ms
2019-05-19 18:59:08.502 [pool-2-thread-1] INFO  cn.lastwhisper.server.core.Dispatcher - reuqest url /login spend time 0ms
2019-05-19 18:59:08.704 [pool-2-thread-2] INFO  cn.lastwhisper.server.core.Dispatcher - reuqest url /login spend time 0ms
2019-05-19 18:59:11.561 [pool-2-thread-3] INFO  cn.lastwhisper.server.core.Dispatcher - reuqest url /register.html spend time 1ms
2019-05-19 18:59:15.339 [pool-2-thread-4] INFO  cn.lastwhisper.server.core.Dispatcher - reuqest url /reg spend time 1ms
2019-05-19 18:59:16.243 [pool-2-thread-5] INFO  cn.lastwhisper.server.core.Dispatcher - reuqest url /reg spend time 0ms
2019-05-19 18:59:16.453 [pool-2-thread-6] INFO  cn.lastwhisper.server.core.Dispatcher - reuqest url /reg spend time 1ms
2019-05-19 18:59:16.639 [pool-2-thread-7] INFO  cn.lastwhisper.server.core.Dispatcher - reuqest url /reg spend time 1ms
2019-05-19 18:59:16.827 [pool-2-thread-8] INFO  cn.lastwhisper.server.core.Dispatcher - reuqest url /reg spend time 0ms
2019-05-19 18:59:17.010 [pool-2-thread-9] INFO  cn.lastwhisper.server.core.Dispatcher - reuqest url /reg spend time 0ms
2019-05-19 18:59:17.197 [pool-2-thread-10] INFO  cn.lastwhisper.server.core.Dispatcher - reuqest url /reg spend time 0ms
2019-05-19 18:59:17.421 [pool-2-thread-1] INFO  cn.lastwhisper.server.core.Dispatcher - reuqest url /reg spend time 1ms
2019-05-19 18:59:17.729 [pool-2-thread-2] INFO  cn.lastwhisper.server.core.Dispatcher - reuqest url /reg spend time 1ms
2019-05-19 18:59:17.953 [pool-2-thread-3] INFO  cn.lastwhisper.server.core.Dispatcher - reuqest url /reg spend time 1ms
2019-05-19 18:59:18.152 [pool-2-thread-4] INFO  cn.lastwhisper.server.core.Dispatcher - reuqest url /reg spend time 1ms
2019-05-19 18:59:18.352 [pool-2-thread-5] INFO  cn.lastwhisper.server.core.Dispatcher - reuqest url /reg spend time 0ms
2019-05-19 18:59:18.580 [pool-2-thread-6] INFO  cn.lastwhisper.server.core.Dispatcher - reuqest url /reg spend time 0ms
2019-05-19 18:59:18.748 [pool-2-thread-7] INFO  cn.lastwhisper.server.core.Dispatcher - reuqest url /reg spend time 0ms
2019-05-19 18:59:18.975 [pool-2-thread-8] INFO  cn.lastwhisper.server.core.Dispatcher - reuqest url /reg spend time 0ms
2019-05-19 18:59:19.232 [pool-2-thread-9] INFO  cn.lastwhisper.server.core.Dispatcher - reuqest url /reg spend time 0ms
2019-05-19 18:59:19.415 [pool-2-thread-10] INFO  cn.lastwhisper.server.core.Dispatcher - reuqest url /reg spend time 0ms
2019-05-19 18:59:19.645 [pool-2-thread-1] INFO  cn.lastwhisper.server.core.Dispatcher - reuqest url /reg spend time 1ms
2019-05-19 18:59:20.264 [pool-2-thread-2] INFO  cn.lastwhisper.server.core.Dispatcher - reuqest url /reg spend time 1ms
2019-05-19 18:59:20.743 [pool-2-thread-3] INFO  cn.lastwhisper.server.core.Dispatcher - reuqest url /reg spend time 0ms
2019-05-19 18:59:20.951 [pool-2-thread-4] INFO  cn.lastwhisper.server.core.Dispatcher - reuqest url /reg spend time 0ms
2019-05-19 18:59:21.143 [pool-2-thread-5] INFO  cn.lastwhisper.server.core.Dispatcher - reuqest url /reg spend time 0ms
2019-05-19 18:59:21.881 [pool-2-thread-6] INFO  cn.lastwhisper.server.core.Dispatcher - reuqest url /reg spend time 1ms
2019-05-19 18:59:22.231 [pool-2-thread-7] INFO  cn.lastwhisper.server.core.Dispatcher - reuqest url /reg spend time 0ms
2019-05-19 18:59:22.444 [pool-2-thread-8] INFO  cn.lastwhisper.server.core.Dispatcher - reuqest url /reg spend time 1ms
2019-05-19 18:59:22.650 [pool-2-thread-9] INFO  cn.lastwhisper.server.core.Dispatcher - reuqest url /reg spend time 1ms
2019-05-19 18:59:22.845 [pool-2-thread-10] INFO  cn.lastwhisper.server.core.Dispatcher - reuqest url /reg spend time 3ms
2019-05-19 18:59:23.186 [pool-2-thread-1] INFO  cn.lastwhisper.server.core.Dispatcher - reuqest url /reg spend time 0ms
2019-05-19 18:59:23.369 [pool-2-thread-2] INFO  cn.lastwhisper.server.core.Dispatcher - reuqest url /reg spend time 0ms
2019-05-19 18:59:23.546 [pool-2-thread-3] INFO  cn.lastwhisper.server.core.Dispatcher - reuqest url /reg spend time 0ms
2019-05-19 18:59:23.734 [pool-2-thread-4] INFO  cn.lastwhisper.server.core.Dispatcher - reuqest url /reg spend time 1ms
2019-05-19 18:59:23.912 [pool-2-thread-5] INFO  cn.lastwhisper.server.core.Dispatcher - reuqest url /reg spend time 0ms
2019-05-19 18:59:24.100 [pool-2-thread-6] INFO  cn.lastwhisper.server.core.Dispatcher - reuqest url /reg spend time 0ms
2019-05-19 18:59:24.284 [pool-2-thread-7] INFO  cn.lastwhisper.server.core.Dispatcher - reuqest url /reg spend time 0ms
2019-05-19 18:59:24.455 [pool-2-thread-8] INFO  cn.lastwhisper.server.core.Dispatcher - reuqest url /reg spend time 1ms
2019-05-19 18:59:24.656 [pool-2-thread-9] INFO  cn.lastwhisper.server.core.Dispatcher - reuqest url /reg spend time 0ms
2019-05-19 18:59:24.838 [pool-2-thread-10] INFO  cn.lastwhisper.server.core.Dispatcher - reuqest url /reg spend time 0ms
2019-05-19 18:59:25.013 [pool-2-thread-1] INFO  cn.lastwhisper.server.core.Dispatcher - reuqest url /reg spend time 1ms
2019-05-19 18:59:25.216 [pool-2-thread-2] INFO  cn.lastwhisper.server.core.Dispatcher - reuqest url /reg spend time 2ms
2019-05-19 18:59:25.398 [pool-2-thread-3] INFO  cn.lastwhisper.server.core.Dispatcher - reuqest url /reg spend time 1ms
2019-05-19 18:59:25.585 [pool-2-thread-4] INFO  cn.lastwhisper.server.core.Dispatcher - reuqest url /reg spend time 0ms
2019-05-19 18:59:26.839 [pool-2-thread-5] INFO  cn.lastwhisper.server.core.Dispatcher - reuqest url /reg spend time 1ms
2019-05-19 18:59:28.464 [pool-2-thread-6] INFO  cn.lastwhisper.server.core.Dispatcher - reuqest url /reg spend time 1ms
2019-05-19 18:59:30.191 [pool-2-thread-7] INFO  cn.lastwhisper.server.core.Dispatcher - reuqest url / spend time 1ms
2019-05-19 18:59:34.486 [pool-2-thread-8] INFO  cn.lastwhisper.server.core.Dispatcher - reuqest url /asd4a56s4d65as4d56a4s6d54a6s54d65as4d6 spend time 1ms
2019-05-19 18:59:36.284 [pool-2-thread-9] INFO  cn.lastwhisper.server.core.Dispatcher - reuqest url /asd4a56s4d65as4d56a4s6d54a6s54d65as4d6 spend time 0ms
2019-05-19 18:59:37.404 [pool-2-thread-10] INFO  cn.lastwhisper.server.core.Dispatcher - reuqest url /asd4a56s4d65as4d56a4s6d54a6s54d65as4d6 spend time 1ms
2019-05-19 18:59:46.876 [pool-2-thread-1] INFO  cn.lastwhisper.server.core.Dispatcher - reuqest url / spend time 2ms
2019-05-19 18:59:48.155 [pool-2-thread-2] INFO  cn.lastwhisper.server.core.Dispatcher - reuqest url /register.html spend time 0ms
2019-05-19 18:59:51.675 [pool-2-thread-3] INFO  cn.lastwhisper.server.core.Dispatcher - reuqest url /reg spend time 0ms
2019-05-19 18:59:53.294 [pool-2-thread-4] INFO  cn.lastwhisper.server.core.Dispatcher - reuqest url /reg spend time 0ms
2019-05-19 19:00:06.143 [main] ERROR cn.lastwhisper.server.core.Dispatcher - Dispatcher初始化错误
2019-05-19 19:00:06.144 [pool-2-thread-6] INFO  cn.lastwhisper.server.core.Dispatcher - reuqest url /reg spend time 0ms
2019-05-19 19:00:11.566 [pool-2-thread-7] INFO  cn.lastwhisper.server.core.Dispatcher - reuqest url / spend time 0ms
